This is pdfTeX, Version 3.1415926-1.40.10 (TeX Live 2009/Debian) (format=pdflatex 2013.1.23)  26 JAN 2015 18:09
entering extended mode
 %&-line parsing enabled.
**plos_pyfret.tex
(./plos_pyfret.tex
LaTeX2e <2009/09/24>
Babel <v3.8l> and hyphenation patterns for english, usenglishmax, dumylang, noh
yphenation, loaded.
(/usr/share/texmf-texlive/tex/latex/base/article.cls
Document Class: article 2007/10/19 v1.4h Standard LaTeX document class
(/usr/share/texmf-texlive/tex/latex/base/size10.clo
File: size10.clo 2007/10/19 v1.4h Standard LaTeX file (size option)
)
\c@part=\count79
\c@section=\count80
\c@subsection=\count81
\c@subsubsection=\count82
\c@paragraph=\count83
\c@subparagraph=\count84
\c@figure=\count85
\c@table=\count86
\abovecaptionskip=\skip41
\belowcaptionskip=\skip42
\bibindent=\dimen102
)
(/usr/share/texmf-texlive/tex/latex/amsmath/amsmath.sty
Package: amsmath 2000/07/18 v2.13 AMS math features
\@mathmargin=\skip43

For additional information on amsmath, use the `?' option.
(/usr/share/texmf-texlive/tex/latex/amsmath/amstext.sty
Package: amstext 2000/06/29 v2.01

(/usr/share/texmf-texlive/tex/latex/amsmath/amsgen.sty
File: amsgen.sty 1999/11/30 v2.0
\@emptytoks=\toks14
\ex@=\dimen103
))
(/usr/share/texmf-texlive/tex/latex/amsmath/amsbsy.sty
Package: amsbsy 1999/11/29 v1.2d
\pmbraise@=\dimen104
)
(/usr/share/texmf-texlive/tex/latex/amsmath/amsopn.sty
Package: amsopn 1999/12/14 v2.01 operator names
)
\inf@bad=\count87
LaTeX Info: Redefining \frac on input line 211.
\uproot@=\count88
\leftroot@=\count89
LaTeX Info: Redefining \overline on input line 307.
\classnum@=\count90
\DOTSCASE@=\count91
LaTeX Info: Redefining \ldots on input line 379.
LaTeX Info: Redefining \dots on input line 382.
LaTeX Info: Redefining \cdots on input line 467.
\Mathstrutbox@=\box26
\strutbox@=\box27
\big@size=\dimen105
LaTeX Font Info:    Redeclaring font encoding OML on input line 567.
LaTeX Font Info:    Redeclaring font encoding OMS on input line 568.
\macc@depth=\count92
\c@MaxMatrixCols=\count93
\dotsspace@=\muskip10
\c@parentequation=\count94
\dspbrk@lvl=\count95
\tag@help=\toks15
\row@=\count96
\column@=\count97
\maxfields@=\count98
\andhelp@=\toks16
\eqnshift@=\dimen106
\alignsep@=\dimen107
\tagshift@=\dimen108
\tagwidth@=\dimen109
\totwidth@=\dimen110
\lineht@=\dimen111
\@envbody=\toks17
\multlinegap=\skip44
\multlinetaggap=\skip45
\mathdisplay@stack=\toks18
LaTeX Info: Redefining \[ on input line 2666.
LaTeX Info: Redefining \] on input line 2667.
)
(/usr/share/texmf-texlive/tex/latex/amsfonts/amssymb.sty
Package: amssymb 2009/06/22 v3.00

(/usr/share/texmf-texlive/tex/latex/amsfonts/amsfonts.sty
Package: amsfonts 2009/06/22 v3.00 Basic AMSFonts support
\symAMSa=\mathgroup4
\symAMSb=\mathgroup5
LaTeX Font Info:    Overwriting math alphabet `\mathfrak' in version `bold'
(Font)                  U/euf/m/n --> U/euf/b/n on input line 96.
))
(/usr/share/texmf-texlive/tex/latex/graphics/graphicx.sty
Package: graphicx 1999/02/16 v1.0f Enhanced LaTeX Graphics (DPC,SPQR)

(/usr/share/texmf-texlive/tex/latex/graphics/keyval.sty
Package: keyval 1999/03/16 v1.13 key=value parser (DPC)
\KV@toks@=\toks19
)
(/usr/share/texmf-texlive/tex/latex/graphics/graphics.sty
Package: graphics 2009/02/05 v1.0o Standard LaTeX Graphics (DPC,SPQR)

(/usr/share/texmf-texlive/tex/latex/graphics/trig.sty
Package: trig 1999/03/16 v1.09 sin cos tan (DPC)
)
(/etc/texmf/tex/latex/config/graphics.cfg
File: graphics.cfg 2009/08/28 v1.8 graphics configuration of TeX Live
)
Package graphics Info: Driver file: pdftex.def on input line 91.

(/usr/share/texmf-texlive/tex/latex/pdftex-def/pdftex.def
File: pdftex.def 2010/03/12 v0.04p Graphics/color for pdfTeX
\Gread@gobject=\count99
))
\Gin@req@height=\dimen112
\Gin@req@width=\dimen113
)
(/usr/share/texmf-texlive/tex/latex/cite/cite.sty
LaTeX Info: Redefining \cite on input line 285.
LaTeX Info: Redefining \nocite on input line 356.
Package: cite 2009/08/29  v 5.2
)
(/usr/share/texmf-texlive/tex/latex/hyperref/hyperref.sty
Package: hyperref 2009/10/09 v6.79a Hypertext links for LaTeX

(/usr/share/texmf-texlive/tex/generic/oberdiek/ifpdf.sty
Package: ifpdf 2009/04/10 v2.0 Provides the ifpdf switch (HO)
Package ifpdf Info: pdfTeX in pdf mode detected.
)
(/usr/share/texmf-texlive/tex/generic/oberdiek/ifvtex.sty
Package: ifvtex 2008/11/04 v1.4 Switches for detecting VTeX and its modes (HO)
Package ifvtex Info: VTeX not detected.
)
(/usr/share/texmf-texlive/tex/generic/ifxetex/ifxetex.sty
Package: ifxetex 2009/01/23 v0.5 Provides ifxetex conditional
)
(/usr/share/texmf-texlive/tex/latex/oberdiek/hycolor.sty
Package: hycolor 2009/10/02 v1.5 Code for color options of hyperref/bookmark (H
O)

(/usr/share/texmf-texlive/tex/latex/oberdiek/xcolor-patch.sty
Package: xcolor-patch 2009/10/02 xcolor patch
))
\@linkdim=\dimen114
\Hy@linkcounter=\count100
\Hy@pagecounter=\count101

(/usr/share/texmf-texlive/tex/latex/hyperref/pd1enc.def
File: pd1enc.def 2009/10/09 v6.79a Hyperref: PDFDocEncoding definition (HO)
)
(/usr/share/texmf-texlive/tex/generic/oberdiek/etexcmds.sty
Package: etexcmds 2007/12/12 v1.2 Prefix for e-TeX command names (HO)

(/usr/share/texmf-texlive/tex/generic/oberdiek/infwarerr.sty
Package: infwarerr 2007/09/09 v1.2 Providing info/warning/message (HO)
)
Package etexcmds Info: Could not find \expanded.
(etexcmds)             That can mean that you are not using pdfTeX 1.50 or
(etexcmds)             that some package has redefined \expanded.
(etexcmds)             In the latter case, load this package earlier.
)
(/usr/share/texmf-texlive/tex/latex/latexconfig/hyperref.cfg
File: hyperref.cfg 2002/06/06 v1.2 hyperref configuration of TeXLive
)
(/usr/share/texmf-texlive/tex/latex/oberdiek/kvoptions.sty
Package: kvoptions 2009/08/13 v3.4 Keyval support for LaTeX options (HO)

(/usr/share/texmf-texlive/tex/generic/oberdiek/kvsetkeys.sty
Package: kvsetkeys 2009/07/30 v1.5 Key value parser with default handler suppor
t (HO)
))
Package hyperref Info: Hyper figures OFF on input line 2975.
Package hyperref Info: Link nesting OFF on input line 2980.
Package hyperref Info: Hyper index ON on input line 2983.
Package hyperref Info: Plain pages OFF on input line 2990.
Package hyperref Info: Backreferencing OFF on input line 2995.

Implicit mode ON; LaTeX internals redefined
Package hyperref Info: Bookmarks ON on input line 3191.
(/usr/share/texmf-texlive/tex/latex/ltxmisc/url.sty
\Urlmuskip=\muskip11
Package: url 2006/04/12  ver 3.3  Verb mode for urls, etc.
)
LaTeX Info: Redefining \url on input line 3428.

(/usr/share/texmf-texlive/tex/generic/oberdiek/bitset.sty
Package: bitset 2007/09/28 v1.0 Data type bit set (HO)

(/usr/share/texmf-texlive/tex/generic/oberdiek/intcalc.sty
Package: intcalc 2007/09/27 v1.1 Expandable integer calculations (HO)
)
(/usr/share/texmf-texlive/tex/generic/oberdiek/bigintcalc.sty
Package: bigintcalc 2007/11/11 v1.1 Expandable big integer calculations (HO)

(/usr/share/texmf-texlive/tex/generic/oberdiek/pdftexcmds.sty
Package: pdftexcmds 2009/09/23 v0.6 LuaTeX support for pdfTeX utility functions
 (HO)

(/usr/share/texmf-texlive/tex/generic/oberdiek/ifluatex.sty
Package: ifluatex 2009/04/17 v1.2 Provides the ifluatex switch (HO)
Package ifluatex Info: LuaTeX not detected.
)
(/usr/share/texmf-texlive/tex/generic/oberdiek/ltxcmds.sty
Package: ltxcmds 2009/08/05 v1.0 Some LaTeX kernel commands for general use (HO
)
)
Package pdftexcmds Info: LuaTeX not detected.
Package pdftexcmds Info: \pdf@primitive is available.
Package pdftexcmds Info: \pdf@ifprimitive is available.
)))
\Fld@menulength=\count102
\Field@Width=\dimen115
\Fld@charsize=\dimen116
\Field@toks=\toks20
Package hyperref Info: Hyper figures OFF on input line 4377.
Package hyperref Info: Link nesting OFF on input line 4382.
Package hyperref Info: Hyper index ON on input line 4385.
Package hyperref Info: backreferencing OFF on input line 4392.
Package hyperref Info: Link coloring OFF on input line 4397.
Package hyperref Info: Link coloring with OCG OFF on input line 4402.
Package hyperref Info: PDF/A mode OFF on input line 4407.

(/usr/share/texmf-texlive/tex/generic/oberdiek/atbegshi.sty
Package: atbegshi 2008/07/31 v1.9 At begin shipout hook (HO)
)
\Hy@abspage=\count103
\c@Item=\count104
\c@Hfootnote=\count105
)
*hyperref using default driver hpdftex*
(/usr/share/texmf-texlive/tex/latex/hyperref/hpdftex.def
File: hpdftex.def 2009/10/09 v6.79a Hyperref driver for pdfTeX
\Fld@listcount=\count106
)
(/usr/share/texmf-texlive/tex/latex/graphics/color.sty
Package: color 2005/11/14 v1.0j Standard LaTeX Color (DPC)

(/etc/texmf/tex/latex/config/color.cfg
File: color.cfg 2007/01/18 v1.5 color configuration of teTeX/TeXLive
)
Package color Info: Driver file: pdftex.def on input line 130.
)
(/usr/share/texmf-texlive/tex/latex/listings/listings.sty
\lst@mode=\count107
\lst@gtempboxa=\box28
\lst@token=\toks21
\lst@length=\count108
\lst@currlwidth=\dimen117
\lst@column=\count109
\lst@pos=\count110
\lst@lostspace=\dimen118
\lst@width=\dimen119
\lst@newlines=\count111
\lst@lineno=\count112
\lst@maxwidth=\dimen120

(/usr/share/texmf-texlive/tex/latex/listings/lstmisc.sty
File: lstmisc.sty 2007/02/22 1.4 (Carsten Heinz)
\c@lstnumber=\count113
\lst@skipnumbers=\count114
\lst@framebox=\box29
)
(/usr/share/texmf-texlive/tex/latex/listings/listings.cfg
File: listings.cfg 2007/02/22 1.4 listings configuration
))
Package: listings 2007/02/22 1.4 (Carsten Heinz)

(/usr/share/texmf-texlive/tex/latex/listings/lstlang1.sty
File: lstlang1.sty 2004/09/05 1.3 listings language file
)
(/usr/share/texmf-texlive/tex/latex/caption/caption.sty
Package: caption 2009/10/09 v3.1k Customizing captions (AR)

(/usr/share/texmf-texlive/tex/latex/caption/caption3.sty
Package: caption3 2009/10/09 v3.1k caption3 kernel (AR)
\captionmargin=\dimen121
\captionmargin@=\dimen122
\captionwidth=\dimen123
\caption@indent=\dimen124
\caption@parindent=\dimen125
\caption@hangindent=\dimen126
)
\c@ContinuedFloat=\count115
Package caption Info: hyperref package is loaded.
Package caption Info: listings package is loaded.
) (./plos_pyfret.aux

LaTeX Warning: Label `eq:Eprod' multiply defined.


LaTeX Warning: Label `fig:fig5_ALEX_plots' multiply defined.

)
\openout1 = `plos_pyfret.aux'.

LaTeX Font Info:    Checking defaults for OML/cmm/m/it on input line 87.
LaTeX Font Info:    ... okay on input line 87.
LaTeX Font Info:    Checking defaults for T1/cmr/m/n on input line 87.
LaTeX Font Info:    ... okay on input line 87.
LaTeX Font Info:    Checking defaults for OT1/cmr/m/n on input line 87.
LaTeX Font Info:    ... okay on input line 87.
LaTeX Font Info:    Checking defaults for OMS/cmsy/m/n on input line 87.
LaTeX Font Info:    ... okay on input line 87.
LaTeX Font Info:    Checking defaults for OMX/cmex/m/n on input line 87.
LaTeX Font Info:    ... okay on input line 87.
LaTeX Font Info:    Checking defaults for U/cmr/m/n on input line 87.
LaTeX Font Info:    ... okay on input line 87.
LaTeX Font Info:    Checking defaults for PD1/pdf/m/n on input line 87.
LaTeX Font Info:    ... okay on input line 87.
 (/usr/share/texmf-texlive/tex/context/base/supp-pdf.mkii
[Loading MPS to PDF converter (version 2006.09.02).]
\scratchcounter=\count116
\scratchdimen=\dimen127
\scratchbox=\box30
\nofMPsegments=\count117
\nofMParguments=\count118
\everyMPshowfont=\toks22
\MPscratchCnt=\count119
\MPscratchDim=\dimen128
\MPnumerator=\count120
\everyMPtoPDFconversion=\toks23
)
Package hyperref Info: Link coloring OFF on input line 87.
 (/usr/share/texmf-texlive/tex/latex/hyperref/nameref.sty
Package: nameref 2007/05/29 v2.31 Cross-referencing by name of section

(/usr/share/texmf-texlive/tex/latex/oberdiek/refcount.sty
Package: refcount 2008/08/11 v3.1 Data extraction from references (HO)
)
\c@section@level=\count121
)
LaTeX Info: Redefining \ref on input line 87.
LaTeX Info: Redefining \pageref on input line 87.
 (./plos_pyfret.out) (./plos_pyfret.out)
\@outlinefile=\write3
\openout3 = `plos_pyfret.out'.

\AtBeginShipoutBox=\box31
\c@lstlisting=\count122
Package caption Info: Begin \AtBeginDocument code.
Package caption Info: End \AtBeginDocument code.
LaTeX Font Info:    Try loading font information for U+msa on input line 96.
 (/usr/share/texmf-texlive/tex/latex/amsfonts/umsa.fd
File: umsa.fd 2009/06/22 v3.00 AMS symbols A
)
LaTeX Font Info:    Try loading font information for U+msb on input line 96.

(/usr/share/texmf-texlive/tex/latex/amsfonts/umsb.fd
File: umsb.fd 2009/06/22 v3.00 AMS symbols B
)

LaTeX Warning: Reference `fig:fig1_schematic' on page 1 undefined on input line
 137.

[1{/var/lib/texmf/fonts/map/pdftex/updmap/pdftex.map}

]

LaTeX Warning: Reference `fig:fig1_schematic' on page 2 undefined on input line
 146.


LaTeX Warning: Reference `ef:Eprod' on page 2 undefined on input line 148.

[2]

LaTeX Warning: Reference `fig:fig1_workflow' on page 3 undefined on input line 
191.

[3] [4] [5]
Overfull \hbox (36.47406pt too wide) in paragraph at lines 316--317
\OT1/cmr/m/n/10 pyFRET doc-u-men-ta-tion ([]$\OT1/cmtt/m/n/10 http : / / pyfret
 . readthedocs . org / en / latest / tutorial . html # installing-[]pyfret$[]\O
T1/cmr/m/n/10 ).
 []

[6]

LaTeX Warning: Reference `tab:duplexes' on page 7 undefined on input line 325.

[7]

LaTeX Warning: Reference `tab:acceptor' on page 8 undefined on input line 352.


LaTeX Warning: Reference `fig:fig2_plots' on page 8 undefined on input line 352
.


LaTeX Warning: Reference `fig:fig3_plots' on page 8 undefined on input line 352
.


LaTeX Warning: Reference `fig:fig2_plots' on page 8 undefined on input line 352
.


LaTeX Warning: Reference `fig:fig3_plots' on page 8 undefined on input line 352
.


LaTeX Warning: Reference `fig:fig2_plots' on page 8 undefined on input line 352
.


LaTeX Warning: Reference `fig:fig3_plots' on page 8 undefined on input line 352
.


LaTeX Warning: Reference `fig:XXX_MISSING' on page 8 undefined on input line 35
5.


LaTeX Warning: Reference `tab:bin-times' on page 8 undefined on input line 360.


[8] [9] (./plos_pyfret.bbl [10]
Missing character: There is no Ã in font cmr10!
Missing character: There is no ¶ in font cmr10!
)

pdfTeX warning: pdflatex (file ./Fig1_schematic.pdf): PDF inclusion: found PDF 
version <1.5>, but at most version <1.4> allowed
<Fig1_schematic.pdf, id=216, 411.46555pt x 283.10143pt>
File: Fig1_schematic.pdf Graphic file (type pdf)

<use Fig1_schematic.pdf>

pdfTeX warning: pdflatex (file ./workflow_new.pdf): PDF inclusion: found PDF ve
rsion <1.5>, but at most version <1.4> allowed
<workflow_new.pdf, id=219, 727.24377pt x 476.61151pt>
File: workflow_new.pdf Graphic file (type pdf)
 <use workflow_new.pdf>

pdfTeX warning: pdflatex (file ./6bp_example.pdf): PDF inclusion: found PDF ver
sion <1.5>, but at most version <1.4> allowed
<6bp_example.pdf, id=222, 583.03845pt x 512.69113pt>
File: 6bp_example.pdf Graphic file (type pdf)
 <use 6bp_example.pdf>

pdfTeX warning: pdflatex (file ./FRET_AND.pdf): PDF inclusion: found PDF versio
n <1.5>, but at most version <1.4> allowed
<FRET_AND.pdf, id=225, 824.79565pt x 420.42783pt>
File: FRET_AND.pdf Graphic file (type pdf)
 <use FRET_AND.pdf>

pdfTeX warning: pdflatex (file ./FRET_ALEX.pdf): PDF inclusion: found PDF versi
on <1.5>, but at most version <1.4> allowed
<FRET_ALEX.pdf, id=228, 845.04686pt x 597.50786pt>
File: FRET_ALEX.pdf Graphic file (type pdf)
 <use FRET_ALEX.pdf>

pdfTeX warning: pdflatex (file ./benchmarking.pdf): PDF inclusion: found PDF ve
rsion <1.5>, but at most version <1.4> allowed
<benchmarking.pdf, id=231, 1180.41pt x 924.26917pt>
File: benchmarking.pdf Graphic file (type pdf)
 <use benchmarking.pdf>

pdfTeX warning: pdflatex (file ./Bp_vs_E.pdf): PDF inclusion: found PDF version
 <1.5>, but at most version <1.4> allowed
<Bp_vs_E.pdf, id=234, 1798.72pt x 478.00066pt>
File: Bp_vs_E.pdf Graphic file (type pdf)
 <use Bp_vs_E.pdf>

pdfTeX warning: pdflatex (file ./window_effect.pdf): PDF inclusion: found PDF v
ersion <1.5>, but at most version <1.4> allowed
<window_effect.pdf, id=237, 1782.66pt x 933.07237pt>
File: window_effect.pdf Graphic file (type pdf)
 <use window_effect.pdf>

pdfTeX warning: pdflatex (file ./heatmaps.pdf): PDF inclusion: found PDF versio
n <1.5>, but at most version <1.4> allowed
<heatmaps.pdf, id=240, 1223.03679pt x 924.74623pt>
File: heatmaps.pdf Graphic file (type pdf)
 <use heatmaps.pdf>
<RASP_performance.pdf, id=243, 578.16pt x 433.62pt>
File: RASP_performance.pdf Graphic file (type pdf)
 <use RASP_performance.pdf>
Overfull \hbox (42.22855pt too wide) in paragraph at lines 496--503
[][] 
 []


Overfull \hbox (31.20087pt too wide) in paragraph at lines 512--523
[][] 
 []

[11] [12 <./Fig1_schematic.pdf>] [13 <./workflow_new.pdf>] [14 <./6bp_example.p
df>] [15 <./FRET_AND.pdf>] [16 <./FRET_ALEX.pdf>] [17 <./benchmarking.pdf>]
[18 <./Bp_vs_E.pdf> <./window_effect.pdf>] [19 <./heatmaps.pdf>] [20 <./RASP_pe
rformance.pdf>] (./plos_pyfret.aux)

LaTeX Warning: There were undefined references.


LaTeX Warning: There were multiply-defined labels.

 ) 
Here is how much of TeX's memory you used:
 7565 strings out of 495061
 109880 string characters out of 1182621
 223206 words of memory out of 3000000
 10476 multiletter control sequences out of 15000+50000
 7844 words of font info for 31 fonts, out of 3000000 for 9000
 28 hyphenation exceptions out of 8191
 38i,10n,40p,1372b,1684s stack positions out of 5000i,500n,10000p,200000b,50000s
</usr/share/texmf-texlive/fonts/type1/public/amsfonts/cm/cmbx10.pfb></usr/sha
re/texmf-texlive/fonts/type1/public/amsfonts/cm/cmbx12.pfb></usr/share/texmf-te
xlive/fonts/type1/public/amsfonts/cm/cmmi10.pfb></usr/share/texmf-texlive/fonts
/type1/public/amsfonts/cm/cmmi5.pfb></usr/share/texmf-texlive/fonts/type1/publi
c/amsfonts/cm/cmmi7.pfb></usr/share/texmf-texlive/fonts/type1/public/amsfonts/c
m/cmr10.pfb></usr/share/texmf-texlive/fonts/type1/public/amsfonts/cm/cmr5.pfb><
/usr/share/texmf-texlive/fonts/type1/public/amsfonts/cm/cmr7.pfb></usr/share/te
xmf-texlive/fonts/type1/public/amsfonts/cm/cmsy10.pfb></usr/share/texmf-texlive
/fonts/type1/public/amsfonts/cm/cmsy7.pfb></usr/share/texmf-texlive/fonts/type1
/public/amsfonts/cm/cmtt10.pfb></usr/share/texmf-texlive/fonts/type1/public/ams
fonts/cm/cmtt9.pfb>
Output written on plos_pyfret.pdf (20 pages, 4255871 bytes).
PDF statistics:
 8574 PDF objects out of 8907 (max. 8388607)
 146 named destinations out of 1000 (max. 500000)
 111 words of extra memory for PDF output out of 10000 (max. 10000000)

